<?xml version="1.0" encoding="UTF-8"?>
<!-- Generated by org.testng.reporters.JUnitXMLReporter -->
<testsuite ignored="2" hostname="Shilpas-MacBook-Pro.local" failures="0" tests="3" name="Default test" time="3.423" errors="0" timestamp="2024-06-21T16:44:05 AEST">
  <testcase classname="theInternetTestSuite.HomePageTest" name="OpenPageTest" time="3.082"/>
  <testcase classname="theInternetTestSuite.HomePageTest" name="testPageHeading" time="0.017"/>
  <testcase classname="theInternetTestSuite.CheckBoxTest" name="loadCheckBoxPage" time="0.312"/>
  <testcase classname="base.BaseTest" name="@BeforeSuite initTest" time="0.0">
    <ignored/>
  </testcase> <!-- @BeforeSuite initTest -->
  <testcase classname="base.BaseTest" name="@AfterSuite closeSession" time="0.0">
    <ignored/>
  </testcase> <!-- @AfterSuite closeSession -->
</testsuite> <!-- Default test -->
