<?xml version="1.0" encoding="UTF-8"?>
<testng-results ignored="0" total="3" passed="3" failed="0" skipped="0">
  <reporter-output>
  </reporter-output>
  <suite started-at="2024-06-13T04:38:57 AEST" name="TestInternetTestSuite" finished-at="2024-06-13T04:39:01 AEST" duration-ms="3585">
    <groups>
    </groups>
    <test started-at="2024-06-13T04:38:57 AEST" name="TheInternetTest" finished-at="2024-06-13T04:39:01 AEST" duration-ms="3585">
      <class name="theInternetTestSuite.CheckBoxTest">
        <test-method is-config="true" signature="call()[pri:0, instance:theInternetTestSuite.CheckBoxTest@55342f40]" started-at="2024-06-13T04:39:00 AEST" name="call" finished-at="2024-06-13T04:39:00 AEST" duration-ms="1" status="PASS">
          <reporter-output>
          </reporter-output>
        </test-method> <!-- call -->
        <test-method signature="loadCheckBoxPage()[pri:1, instance:theInternetTestSuite.CheckBoxTest@55342f40]" started-at="2024-06-13T04:39:00 AEST" name="loadCheckBoxPage" finished-at="2024-06-13T04:39:01 AEST" duration-ms="339" status="PASS">
          <reporter-output>
          </reporter-output>
        </test-method> <!-- loadCheckBoxPage -->
      </class> <!-- theInternetTestSuite.CheckBoxTest -->
      <class name="theInternetTestSuite.HomePageTest">
        <test-method is-config="true" signature="initTest()[pri:0, instance:theInternetTestSuite.HomePageTest@5c42d2b7]" started-at="2024-06-13T04:38:56 AEST" name="initTest" finished-at="2024-06-13T04:38:57 AEST" duration-ms="1163" status="PASS">
          <reporter-output>
          </reporter-output>
        </test-method> <!-- initTest -->
        <test-method signature="OpenPageTest()[pri:1, instance:theInternetTestSuite.HomePageTest@5c42d2b7]" started-at="2024-06-13T04:38:57 AEST" name="OpenPageTest" finished-at="2024-06-13T04:39:00 AEST" duration-ms="3216" status="PASS">
          <reporter-output>
          </reporter-output>
        </test-method> <!-- OpenPageTest -->
        <test-method signature="testPageHeading()[pri:2, instance:theInternetTestSuite.HomePageTest@5c42d2b7]" started-at="2024-06-13T04:39:00 AEST" name="testPageHeading" finished-at="2024-06-13T04:39:00 AEST" duration-ms="17" status="PASS">
          <reporter-output>
          </reporter-output>
        </test-method> <!-- testPageHeading -->
        <test-method is-config="true" signature="call()[pri:0, instance:theInternetTestSuite.HomePageTest@5c42d2b7]" started-at="2024-06-13T04:39:00 AEST" name="call" finished-at="2024-06-13T04:39:00 AEST" duration-ms="0" status="PASS">
          <reporter-output>
          </reporter-output>
        </test-method> <!-- call -->
        <test-method is-config="true" signature="closeSession()[pri:0, instance:theInternetTestSuite.HomePageTest@5c42d2b7]" started-at="2024-06-13T04:39:01 AEST" name="closeSession" finished-at="2024-06-13T04:39:01 AEST" duration-ms="0" status="PASS">
          <reporter-output>
          </reporter-output>
        </test-method> <!-- closeSession -->
      </class> <!-- theInternetTestSuite.HomePageTest -->
    </test> <!-- TheInternetTest -->
  </suite> <!-- TestInternetTestSuite -->
</testng-results>
