<?xml version="1.0" encoding="UTF-8"?>
<testsuite xmlns:xsi="http://www.w3.org/2001/XMLSchema-instance" xsi:noNamespaceSchemaLocation="https://maven.apache.org/surefire/maven-surefire-plugin/xsd/surefire-test-report.xsd" name="TestSuite" time="8.566" tests="3" errors="0" skipped="0" failures="0">
  <properties>
[...]
</properties>
  <testcase name="OpenPageTest" classname="theInternetTestSuite.HomePageTest" time="6.356"/>
  <testcase name="testPageHeading" classname="theInternetTestSuite.HomePageTest" time="0.019"/>
  <testcase name="loadCheckBoxPage" classname="theInternetTestSuite.CheckBoxTest" time="0.339"/>
</testsuite>