<?xml version="1.0" encoding="UTF-8"?>
<testng-results ignored="0" total="3" passed="3" failed="0" skipped="0">
  <reporter-output>
  </reporter-output>
  <suite started-at="2024-05-24T20:11:29 AEST" name="TestInternetTestSuite" finished-at="2024-05-24T20:11:33 AEST" duration-ms="3995">
    <groups>
    </groups>
    <test started-at="2024-05-24T20:11:29 AEST" name="TheInternetTest" finished-at="2024-05-24T20:11:33 AEST" duration-ms="3995">
      <class name="TheInternetTestSuite.TheInternetTest">
        <test-method is-config="true" signature="initTest()[pri:0, instance:TheInternetTestSuite.TheInternetTest@4a668b6e]" started-at="2024-05-24T20:11:28 AEST" name="initTest" finished-at="2024-05-24T20:11:29 AEST" duration-ms="1142" status="PASS">
          <reporter-output>
          </reporter-output>
        </test-method> <!-- initTest -->
        <test-method signature="NavigateTest()[pri:0, instance:TheInternetTestSuite.TheInternetTest@4a668b6e]" started-at="2024-05-24T20:11:29 AEST" name="NavigateTest" finished-at="2024-05-24T20:11:29 AEST" duration-ms="0" status="PASS">
          <reporter-output>
          </reporter-output>
        </test-method> <!-- NavigateTest -->
        <test-method signature="OpenPageTest()[pri:0, instance:TheInternetTestSuite.TheInternetTest@4a668b6e]" started-at="2024-05-24T20:11:29 AEST" name="OpenPageTest" finished-at="2024-05-24T20:11:33 AEST" duration-ms="3984" status="PASS">
          <reporter-output>
          </reporter-output>
        </test-method> <!-- OpenPageTest -->
        <test-method signature="testLinkTest()[pri:0, instance:TheInternetTestSuite.TheInternetTest@4a668b6e]" started-at="2024-05-24T20:11:33 AEST" name="testLinkTest" finished-at="2024-05-24T20:11:33 AEST" duration-ms="0" status="PASS">
          <reporter-output>
          </reporter-output>
        </test-method> <!-- testLinkTest -->
        <test-method is-config="true" signature="closeSession()[pri:0, instance:TheInternetTestSuite.TheInternetTest@4a668b6e]" started-at="2024-05-24T20:11:33 AEST" name="closeSession" finished-at="2024-05-24T20:11:33 AEST" duration-ms="0" status="PASS">
          <reporter-output>
          </reporter-output>
        </test-method> <!-- closeSession -->
      </class> <!-- TheInternetTestSuite.TheInternetTest -->
    </test> <!-- TheInternetTest -->
  </suite> <!-- TestInternetTestSuite -->
</testng-results>
