<?xml version="1.0" encoding="UTF-8"?>
<testng-results ignored="0" total="3" passed="3" failed="0" skipped="0">
  <reporter-output>
  </reporter-output>
  <suite started-at="2024-06-21T16:44:01 AEST" name="Default suite" finished-at="2024-06-21T16:44:05 AEST" duration-ms="3423">
    <groups>
    </groups>
    <test started-at="2024-06-21T16:44:01 AEST" name="Default test" finished-at="2024-06-21T16:44:05 AEST" duration-ms="3423">
      <class name="theInternetTestSuite.CheckBoxTest">
        <test-method signature="loadCheckBoxPage()[pri:1, instance:theInternetTestSuite.CheckBoxTest@1d7f7be7]" started-at="2024-06-21T16:44:04 AEST" name="loadCheckBoxPage" finished-at="2024-06-21T16:44:05 AEST" duration-ms="312" status="PASS">
          <reporter-output>
          </reporter-output>
        </test-method> <!-- loadCheckBoxPage -->
        <test-method is-config="true" signature="call()[pri:0, instance:theInternetTestSuite.CheckBoxTest@1d7f7be7]" started-at="2024-06-21T16:44:04 AEST" name="call" finished-at="2024-06-21T16:44:04 AEST" duration-ms="0" status="PASS">
          <reporter-output>
          </reporter-output>
        </test-method> <!-- call -->
      </class> <!-- theInternetTestSuite.CheckBoxTest -->
      <class name="theInternetTestSuite.HomePageTest">
        <test-method is-config="true" signature="initTest()[pri:0, instance:theInternetTestSuite.HomePageTest@2c104774]" started-at="2024-06-21T16:44:00 AEST" name="initTest" finished-at="2024-06-21T16:44:01 AEST" duration-ms="1490" status="PASS">
          <reporter-output>
          </reporter-output>
        </test-method> <!-- initTest -->
        <test-method signature="OpenPageTest()[pri:1, instance:theInternetTestSuite.HomePageTest@2c104774]" started-at="2024-06-21T16:44:01 AEST" name="OpenPageTest" finished-at="2024-06-21T16:44:04 AEST" duration-ms="3082" status="PASS">
          <reporter-output>
          </reporter-output>
        </test-method> <!-- OpenPageTest -->
        <test-method signature="testPageHeading()[pri:2, instance:theInternetTestSuite.HomePageTest@2c104774]" started-at="2024-06-21T16:44:04 AEST" name="testPageHeading" finished-at="2024-06-21T16:44:04 AEST" duration-ms="17" status="PASS">
          <reporter-output>
          </reporter-output>
        </test-method> <!-- testPageHeading -->
        <test-method is-config="true" signature="call()[pri:0, instance:theInternetTestSuite.HomePageTest@2c104774]" started-at="2024-06-21T16:44:04 AEST" name="call" finished-at="2024-06-21T16:44:04 AEST" duration-ms="0" status="PASS">
          <reporter-output>
          </reporter-output>
        </test-method> <!-- call -->
        <test-method is-config="true" signature="closeSession()[pri:0, instance:theInternetTestSuite.HomePageTest@2c104774]" started-at="2024-06-21T16:44:05 AEST" name="closeSession" finished-at="2024-06-21T16:44:05 AEST" duration-ms="0" status="PASS">
          <reporter-output>
          </reporter-output>
        </test-method> <!-- closeSession -->
      </class> <!-- theInternetTestSuite.HomePageTest -->
    </test> <!-- Default test -->
  </suite> <!-- Default suite -->
</testng-results>
