<?xml version="1.0" encoding="UTF-8"?>
<!-- Generated by org.testng.reporters.JUnitXMLReporter -->
<testsuite ignored="2" hostname="Shilpas-MacBook-Pro.local" failures="0" tests="3" name="TheInternetTest" time="3.585" errors="0" timestamp="2024-06-13T04:39:01 AEST">
  <testcase classname="theInternetTestSuite.HomePageTest" name="OpenPageTest" time="3.216"/>
  <testcase classname="theInternetTestSuite.HomePageTest" name="testPageHeading" time="0.017"/>
  <testcase classname="theInternetTestSuite.CheckBoxTest" name="loadCheckBoxPage" time="0.339"/>
  <testcase classname="theInternetTestSuite.BaseTest" name="@AfterSuite closeSession" time="0.0">
    <ignored/>
  </testcase> <!-- @AfterSuite closeSession -->
  <testcase classname="theInternetTestSuite.BaseTest" name="@BeforeSuite initTest" time="0.0">
    <ignored/>
  </testcase> <!-- @BeforeSuite initTest -->
</testsuite> <!-- TheInternetTest -->
