<?xml version="1.0" encoding="UTF-8"?>
<!-- Generated by org.testng.reporters.JUnitXMLReporter -->
<testsuite ignored="0" hostname="Shilpas-MacBook-Pro.local" failures="0" tests="3" name="TheInternetTest" time="3.995" errors="0" timestamp="2024-05-24T20:11:33 AEST">
  <testcase classname="TheInternetTestSuite.TheInternetTest" name="NavigateTest" time="0.0"/>
  <testcase classname="TheInternetTestSuite.TheInternetTest" name="OpenPageTest" time="3.984"/>
  <testcase classname="TheInternetTestSuite.TheInternetTest" name="testLinkTest" time="0.0"/>
</testsuite> <!-- TheInternetTest -->
